{"/home/nandu/Documents/Sweet Shop Management System TDD Kata_nandeesh m doggalli/src/app.ts": {"path":"/home/nandu/Documents/Sweet Shop Management System TDD Kata_nandeesh m doggalli/src/app.ts","statementMap":{"0":{"start":{"line":1,"column":0},"end":{"line":1,"column":30}},"1":{"start":{"line":2,"column":0},"end":{"line":2,"column":24}},"2":{"start":{"line":3,"column":0},"end":{"line":3,"column":28}},"3":{"start":{"line":4,"column":0},"end":{"line":4,"column":46}},"4":{"start":{"line":6,"column":0},"end":{"line":6,"column":16}},"5":{"start":{"line":8,"column":12},"end":{"line":8,"column":21}},"6":{"start":{"line":9,"column":13},"end":{"line":9,"column":37}},"7":{"start":{"line":12,"column":0},"end":{"line":12,"column":12}},"8":{"start":{"line":15,"column":0},"end":{"line":15,"column":70}},"9":{"start":{"line":16,"column":0},"end":{"line":16,"column":40}},"10":{"start":{"line":19,"column":0},"end":{"line":19,"column":45}},"11":{"start":{"line":20,"column":0},"end":{"line":20,"column":47}},"12":{"start":{"line":21,"column":0},"end":{"line":21,"column":55}},"13":{"start":{"line":24,"column":0},"end":{"line":24,"column":33}},"14":{"start":{"line":25,"column":0},"end":{"line":25,"column":36}},"15":{"start":{"line":26,"column":0},"end":{"line":26,"column":43}},"16":{"start":{"line":27,"column":0},"end":{"line":27,"column":33}},"17":{"start":{"line":30,"column":0},"end":{"line":36,"column":3}},"18":{"start":{"line":31,"column":2},"end":{"line":35,"column":5}},"19":{"start":{"line":38,"column":0},"end":{"line":44,"column":3}},"20":{"start":{"line":39,"column":2},"end":{"line":43,"column":5}},"21":{"start":{"line":47,"column":0},"end":{"line":53,"column":1}},"22":{"start":{"line":48,"column":2},"end":{"line":52,"column":5}},"23":{"start":{"line":49,"column":4},"end":{"line":49,"column":78}},"24":{"start":{"line":50,"column":4},"end":{"line":50,"column":47}},"25":{"start":{"line":51,"column":4},"end":{"line":51,"column":60}},"26":{"start":{"line":55,"column":0},"end":{"line":55,"column":19}}},"fnMap":{"0":{"name":"(anonymous_1)","decl":{"start":{"line":30,"column":23},"end":{"line":30,"column":24}},"loc":{"start":{"line":30,"column":36},"end":{"line":36,"column":1}}},"1":{"name":"(anonymous_2)","decl":{"start":{"line":38,"column":13},"end":{"line":38,"column":14}},"loc":{"start":{"line":38,"column":26},"end":{"line":44,"column":1}}},"2":{"name":"(anonymous_3)","decl":{"start":{"line":48,"column":19},"end":{"line":48,"column":22}},"loc":{"start":{"line":48,"column":24},"end":{"line":52,"column":3}}}},"branchMap":{"0":{"loc":{"start":{"line":9,"column":13},"end":{"line":9,"column":37}},"type":"binary-expr","locations":[{"start":{"line":9,"column":13},"end":{"line":9,"column":29}},{"start":{"line":9,"column":33},"end":{"line":9,"column":37}}]},"1":{"loc":{"start":{"line":47,"column":0},"end":{"line":53,"column":1}},"type":"if","locations":[{"start":{"line":47,"column":0},"end":{"line":53,"column":1}}]}},"s":{"0":0,"1":0,"2":0,"3":0,"4":0,"5":0,"6":0,"7":0,"8":0,"9":0,"10":0,"11":0,"12":0,"13":0,"14":0,"15":0,"16":0,"17":0,"18":0,"19":0,"20":0,"21":0,"22":0,"23":0,"24":0,"25":0,"26":0},"f":{"0":0,"1":0,"2":0},"b":{"0":[0,0],"1":[0]}}
,"/home/nandu/Documents/Sweet Shop Management System TDD Kata_nandeesh m doggalli/src/config/database.ts": {"path":"/home/nandu/Documents/Sweet Shop Management System TDD Kata_nandeesh m doggalli/src/config/database.ts","statementMap":{"0":{"start":{"line":1,"column":0},"end":{"line":1,"column":30}},"1":{"start":{"line":2,"column":0},"end":{"line":2,"column":40}},"2":{"start":{"line":3,"column":0},"end":{"line":3,"column":24}},"3":{"start":{"line":4,"column":0},"end":{"line":4,"column":28}},"4":{"start":{"line":6,"column":0},"end":{"line":6,"column":35}},"5":{"start":{"line":8,"column":0},"end":{"line":8,"column":16}},"6":{"start":{"line":12,"column":25},"end":{"line":85,"column":1}},"7":{"start":{"line":13,"column":2},"end":{"line":84,"column":3}},"8":{"start":{"line":14,"column":4},"end":{"line":17,"column":7}},"9":{"start":{"line":19,"column":4},"end":{"line":19,"column":62}},"10":{"start":{"line":22,"column":4},"end":{"line":49,"column":7}},"11":{"start":{"line":52,"column":22},"end":{"line":52,"column":73}},"12":{"start":{"line":53,"column":4},"end":{"line":59,"column":5}},"13":{"start":{"line":54,"column":29},"end":{"line":54,"column":62}},"14":{"start":{"line":55,"column":6},"end":{"line":58,"column":8}},"15":{"start":{"line":61,"column":23},"end":{"line":61,"column":75}},"16":{"start":{"line":62,"column":4},"end":{"line":77,"column":5}},"17":{"start":{"line":63,"column":28},"end":{"line":69,"column":8}},"18":{"start":{"line":71,"column":6},"end":{"line":76,"column":7}},"19":{"start":{"line":72,"column":8},"end":{"line":75,"column":10}},"20":{"start":{"line":79,"column":4},"end":{"line":79,"column":60}},"21":{"start":{"line":80,"column":4},"end":{"line":80,"column":14}},"22":{"start":{"line":82,"column":4},"end":{"line":82,"column":57}},"23":{"start":{"line":83,"column":4},"end":{"line":83,"column":20}},"24":{"start":{"line":12,"column":13},"end":{"line":12,"column":25}},"25":{"start":{"line":87,"column":21},"end":{"line":92,"column":1}},"26":{"start":{"line":88,"column":2},"end":{"line":90,"column":3}},"27":{"start":{"line":89,"column":4},"end":{"line":89,"column":73}},"28":{"start":{"line":91,"column":2},"end":{"line":91,"column":12}},"29":{"start":{"line":87,"column":13},"end":{"line":87,"column":21}},"30":{"start":{"line":94,"column":0},"end":{"line":94,"column":21}}},"fnMap":{"0":{"name":"(anonymous_10)","decl":{"start":{"line":12,"column":25},"end":{"line":12,"column":30}},"loc":{"start":{"line":12,"column":36},"end":{"line":85,"column":1}}},"1":{"name":"(anonymous_11)","decl":{"start":{"line":87,"column":21},"end":{"line":87,"column":24}},"loc":{"start":{"line":87,"column":26},"end":{"line":92,"column":1}}}},"branchMap":{"0":{"loc":{"start":{"line":53,"column":4},"end":{"line":59,"column":5}},"type":"if","locations":[{"start":{"line":53,"column":4},"end":{"line":59,"column":5}}]},"1":{"loc":{"start":{"line":62,"column":4},"end":{"line":77,"column":5}},"type":"if","locations":[{"start":{"line":62,"column":4},"end":{"line":77,"column":5}}]},"2":{"loc":{"start":{"line":88,"column":2},"end":{"line":90,"column":3}},"type":"if","locations":[{"start":{"line":88,"column":2},"end":{"line":90,"column":3}}]}},"s":{"0":0,"1":0,"2":0,"3":0,"4":0,"5":0,"6":0,"7":0,"8":0,"9":0,"10":0,"11":0,"12":0,"13":0,"14":0,"15":0,"16":0,"17":0,"18":0,"19":0,"20":0,"21":0,"22":0,"23":0,"24":0,"25":0,"26":0,"27":0,"28":0,"29":0,"30":0},"f":{"0":0,"1":0},"b":{"0":[0],"1":[0],"2":[0]}}
,"/home/nandu/Documents/Sweet Shop Management System TDD Kata_nandeesh m doggalli/src/controllers/authController.ts": {"path":"/home/nandu/Documents/Sweet Shop Management System TDD Kata_nandeesh m doggalli/src/controllers/authController.ts","statementMap":{"0":{"start":{"line":3,"column":0},"end":{"line":3,"column":35}},"1":{"start":{"line":4,"column":0},"end":{"line":4,"column":31}},"2":{"start":{"line":5,"column":0},"end":{"line":5,"column":82}},"3":{"start":{"line":7,"column":19},"end":{"line":7,"column":62}},"4":{"start":{"line":20,"column":24},"end":{"line":66,"column":1}},"5":{"start":{"line":21,"column":2},"end":{"line":65,"column":3}},"6":{"start":{"line":22,"column":38},"end":{"line":22,"column":46}},"7":{"start":{"line":24,"column":4},"end":{"line":26,"column":5}},"8":{"start":{"line":25,"column":6},"end":{"line":25,"column":87}},"9":{"start":{"line":29,"column":25},"end":{"line":29,"column":52}},"10":{"start":{"line":30,"column":4},"end":{"line":32,"column":5}},"11":{"start":{"line":31,"column":6},"end":{"line":31,"column":68}},"12":{"start":{"line":35,"column":27},"end":{"line":35,"column":58}},"13":{"start":{"line":38,"column":20},"end":{"line":43,"column":6}},"14":{"start":{"line":46,"column":18},"end":{"line":49,"column":null}},"15":{"start":{"line":52,"column":4},"end":{"line":61,"column":7}},"16":{"start":{"line":63,"column":4},"end":{"line":63,"column":48}},"17":{"start":{"line":64,"column":4},"end":{"line":64,"column":61}},"18":{"start":{"line":20,"column":13},"end":{"line":20,"column":24}},"19":{"start":{"line":68,"column":21},"end":{"line":109,"column":1}},"20":{"start":{"line":69,"column":2},"end":{"line":108,"column":3}},"21":{"start":{"line":70,"column":32},"end":{"line":70,"column":40}},"22":{"start":{"line":72,"column":4},"end":{"line":74,"column":5}},"23":{"start":{"line":73,"column":6},"end":{"line":73,"column":80}},"24":{"start":{"line":77,"column":17},"end":{"line":77,"column":44}},"25":{"start":{"line":78,"column":4},"end":{"line":80,"column":5}},"26":{"start":{"line":79,"column":6},"end":{"line":79,"column":68}},"27":{"start":{"line":83,"column":28},"end":{"line":83,"column":73}},"28":{"start":{"line":84,"column":4},"end":{"line":86,"column":5}},"29":{"start":{"line":85,"column":6},"end":{"line":85,"column":68}},"30":{"start":{"line":89,"column":18},"end":{"line":92,"column":null}},"31":{"start":{"line":95,"column":4},"end":{"line":104,"column":7}},"32":{"start":{"line":106,"column":4},"end":{"line":106,"column":41}},"33":{"start":{"line":107,"column":4},"end":{"line":107,"column":61}},"34":{"start":{"line":68,"column":13},"end":{"line":68,"column":21}},"35":{"start":{"line":111,"column":26},"end":{"line":135,"column":1}},"36":{"start":{"line":112,"column":2},"end":{"line":134,"column":3}},"37":{"start":{"line":113,"column":4},"end":{"line":115,"column":5}},"38":{"start":{"line":114,"column":6},"end":{"line":114,"column":72}},"39":{"start":{"line":117,"column":17},"end":{"line":117,"column":46}},"40":{"start":{"line":118,"column":4},"end":{"line":120,"column":5}},"41":{"start":{"line":119,"column":6},"end":{"line":119,"column":63}},"42":{"start":{"line":122,"column":4},"end":{"line":130,"column":7}},"43":{"start":{"line":132,"column":4},"end":{"line":132,"column":47}},"44":{"start":{"line":133,"column":4},"end":{"line":133,"column":61}},"45":{"start":{"line":111,"column":13},"end":{"line":111,"column":26}}},"fnMap":{"0":{"name":"(anonymous_10)","decl":{"start":{"line":20,"column":24},"end":{"line":20,"column":29}},"loc":{"start":{"line":20,"column":62},"end":{"line":66,"column":1}}},"1":{"name":"(anonymous_11)","decl":{"start":{"line":68,"column":21},"end":{"line":68,"column":26}},"loc":{"start":{"line":68,"column":59},"end":{"line":109,"column":1}}},"2":{"name":"(anonymous_12)","decl":{"start":{"line":111,"column":26},"end":{"line":111,"column":31}},"loc":{"start":{"line":111,"column":64},"end":{"line":135,"column":1}}}},"branchMap":{"0":{"loc":{"start":{"line":7,"column":19},"end":{"line":7,"column":62}},"type":"binary-expr","locations":[{"start":{"line":7,"column":19},"end":{"line":7,"column":41}},{"start":{"line":7,"column":45},"end":{"line":7,"column":62}}]},"1":{"loc":{"start":{"line":24,"column":4},"end":{"line":26,"column":5}},"type":"if","locations":[{"start":{"line":24,"column":4},"end":{"line":26,"column":5}}]},"2":{"loc":{"start":{"line":24,"column":8},"end":{"line":24,"column":36}},"type":"binary-expr","locations":[{"start":{"line":24,"column":8},"end":{"line":24,"column":14}},{"start":{"line":24,"column":18},"end":{"line":24,"column":27}},{"start":{"line":24,"column":31},"end":{"line":24,"column":36}}]},"3":{"loc":{"start":{"line":30,"column":4},"end":{"line":32,"column":5}},"type":"if","locations":[{"start":{"line":30,"column":4},"end":{"line":32,"column":5}}]},"4":{"loc":{"start":{"line":72,"column":4},"end":{"line":74,"column":5}},"type":"if","locations":[{"start":{"line":72,"column":4},"end":{"line":74,"column":5}}]},"5":{"loc":{"start":{"line":72,"column":8},"end":{"line":72,"column":27}},"type":"binary-expr","locations":[{"start":{"line":72,"column":8},"end":{"line":72,"column":14}},{"start":{"line":72,"column":18},"end":{"line":72,"column":27}}]},"6":{"loc":{"start":{"line":78,"column":4},"end":{"line":80,"column":5}},"type":"if","locations":[{"start":{"line":78,"column":4},"end":{"line":80,"column":5}}]},"7":{"loc":{"start":{"line":84,"column":4},"end":{"line":86,"column":5}},"type":"if","locations":[{"start":{"line":84,"column":4},"end":{"line":86,"column":5}}]},"8":{"loc":{"start":{"line":113,"column":4},"end":{"line":115,"column":5}},"type":"if","locations":[{"start":{"line":113,"column":4},"end":{"line":115,"column":5}}]},"9":{"loc":{"start":{"line":118,"column":4},"end":{"line":120,"column":5}},"type":"if","locations":[{"start":{"line":118,"column":4},"end":{"line":120,"column":5}}]}},"s":{"0":0,"1":0,"2":0,"3":0,"4":0,"5":0,"6":0,"7":0,"8":0,"9":0,"10":0,"11":0,"12":0,"13":0,"14":0,"15":0,"16":0,"17":0,"18":0,"19":0,"20":0,"21":0,"22":0,"23":0,"24":0,"25":0,"26":0,"27":0,"28":0,"29":0,"30":0,"31":0,"32":0,"33":0,"34":0,"35":0,"36":0,"37":0,"38":0,"39":0,"40":0,"41":0,"42":0,"43":0,"44":0,"45":0},"f":{"0":0,"1":0,"2":0},"b":{"0":[0,0],"1":[0],"2":[0,0,0],"3":[0],"4":[0],"5":[0,0],"6":[0],"7":[0],"8":[0],"9":[0]}}
,"/home/nandu/Documents/Sweet Shop Management System TDD Kata_nandeesh m doggalli/src/controllers/sweetController.ts": {"path":"/home/nandu/Documents/Sweet Shop Management System TDD Kata_nandeesh m doggalli/src/controllers/sweetController.ts","statementMap":{"0":{"start":{"line":2,"column":0},"end":{"line":2,"column":null}},"1":{"start":{"line":14,"column":25},"end":{"line":26,"column":1}},"2":{"start":{"line":15,"column":2},"end":{"line":25,"column":3}},"3":{"start":{"line":16,"column":19},"end":{"line":16,"column":39}},"4":{"start":{"line":17,"column":4},"end":{"line":21,"column":7}},"5":{"start":{"line":23,"column":4},"end":{"line":23,"column":46}},"6":{"start":{"line":24,"column":4},"end":{"line":24,"column":61}},"7":{"start":{"line":14,"column":13},"end":{"line":14,"column":25}},"8":{"start":{"line":28,"column":35},"end":{"line":48,"column":1}},"9":{"start":{"line":29,"column":2},"end":{"line":47,"column":3}},"10":{"start":{"line":30,"column":51},"end":{"line":30,"column":60}},"11":{"start":{"line":32,"column":25},"end":{"line":32,"column":27}},"12":{"start":{"line":33,"column":4},"end":{"line":33,"column":60}},"13":{"start":{"line":33,"column":14},"end":{"line":33,"column":60}},"14":{"start":{"line":34,"column":4},"end":{"line":34,"column":56}},"15":{"start":{"line":34,"column":18},"end":{"line":34,"column":56}},"16":{"start":{"line":35,"column":4},"end":{"line":35,"column":68}},"17":{"start":{"line":35,"column":18},"end":{"line":35,"column":68}},"18":{"start":{"line":36,"column":4},"end":{"line":36,"column":68}},"19":{"start":{"line":36,"column":18},"end":{"line":36,"column":68}},"20":{"start":{"line":38,"column":19},"end":{"line":38,"column":46}},"21":{"start":{"line":39,"column":4},"end":{"line":43,"column":7}},"22":{"start":{"line":45,"column":4},"end":{"line":45,"column":49}},"23":{"start":{"line":46,"column":4},"end":{"line":46,"column":61}},"24":{"start":{"line":28,"column":13},"end":{"line":28,"column":35}},"25":{"start":{"line":50,"column":27},"end":{"line":73,"column":1}},"26":{"start":{"line":51,"column":2},"end":{"line":72,"column":3}},"27":{"start":{"line":52,"column":48},"end":{"line":52,"column":56}},"28":{"start":{"line":54,"column":4},"end":{"line":56,"column":5}},"29":{"start":{"line":55,"column":6},"end":{"line":55,"column":68}},"30":{"start":{"line":58,"column":21},"end":{"line":63,"column":6}},"31":{"start":{"line":65,"column":4},"end":{"line":68,"column":7}},"32":{"start":{"line":70,"column":4},"end":{"line":70,"column":48}},"33":{"start":{"line":71,"column":4},"end":{"line":71,"column":61}},"34":{"start":{"line":50,"column":13},"end":{"line":50,"column":27}},"35":{"start":{"line":75,"column":34},"end":{"line":93,"column":1}},"36":{"start":{"line":76,"column":2},"end":{"line":92,"column":3}},"37":{"start":{"line":77,"column":19},"end":{"line":77,"column":29}},"38":{"start":{"line":78,"column":20},"end":{"line":78,"column":28}},"39":{"start":{"line":80,"column":25},"end":{"line":80,"column":65}},"40":{"start":{"line":81,"column":4},"end":{"line":83,"column":5}},"41":{"start":{"line":82,"column":6},"end":{"line":82,"column":64}},"42":{"start":{"line":85,"column":4},"end":{"line":88,"column":7}},"43":{"start":{"line":90,"column":4},"end":{"line":90,"column":48}},"44":{"start":{"line":91,"column":4},"end":{"line":91,"column":61}},"45":{"start":{"line":75,"column":13},"end":{"line":75,"column":34}},"46":{"start":{"line":95,"column":34},"end":{"line":111,"column":1}},"47":{"start":{"line":96,"column":2},"end":{"line":110,"column":3}},"48":{"start":{"line":97,"column":19},"end":{"line":97,"column":29}},"49":{"start":{"line":99,"column":20},"end":{"line":99,"column":51}},"50":{"start":{"line":100,"column":4},"end":{"line":102,"column":5}},"51":{"start":{"line":101,"column":6},"end":{"line":101,"column":64}},"52":{"start":{"line":104,"column":4},"end":{"line":106,"column":7}},"53":{"start":{"line":108,"column":4},"end":{"line":108,"column":48}},"54":{"start":{"line":109,"column":4},"end":{"line":109,"column":61}},"55":{"start":{"line":95,"column":13},"end":{"line":95,"column":34}},"56":{"start":{"line":113,"column":36},"end":{"line":137,"column":1}},"57":{"start":{"line":114,"column":2},"end":{"line":136,"column":3}},"58":{"start":{"line":115,"column":19},"end":{"line":115,"column":29}},"59":{"start":{"line":116,"column":29},"end":{"line":116,"column":37}},"60":{"start":{"line":117,"column":19},"end":{"line":117,"column":30}},"61":{"start":{"line":119,"column":19},"end":{"line":119,"column":80}},"62":{"start":{"line":121,"column":4},"end":{"line":124,"column":7}},"63":{"start":{"line":126,"column":4},"end":{"line":126,"column":50}},"64":{"start":{"line":127,"column":4},"end":{"line":134,"column":5}},"65":{"start":{"line":128,"column":6},"end":{"line":130,"column":7}},"66":{"start":{"line":129,"column":8},"end":{"line":129,"column":62}},"67":{"start":{"line":131,"column":6},"end":{"line":133,"column":7}},"68":{"start":{"line":132,"column":8},"end":{"line":132,"column":62}},"69":{"start":{"line":135,"column":4},"end":{"line":135,"column":61}},"70":{"start":{"line":113,"column":13},"end":{"line":113,"column":36}},"71":{"start":{"line":139,"column":35},"end":{"line":157,"column":1}},"72":{"start":{"line":140,"column":2},"end":{"line":156,"column":3}},"73":{"start":{"line":141,"column":19},"end":{"line":141,"column":29}},"74":{"start":{"line":142,"column":30},"end":{"line":142,"column":38}},"75":{"start":{"line":144,"column":19},"end":{"line":144,"column":71}},"76":{"start":{"line":146,"column":4},"end":{"line":149,"column":7}},"77":{"start":{"line":151,"column":4},"end":{"line":151,"column":49}},"78":{"start":{"line":152,"column":4},"end":{"line":154,"column":5}},"79":{"start":{"line":153,"column":6},"end":{"line":153,"column":60}},"80":{"start":{"line":155,"column":4},"end":{"line":155,"column":61}},"81":{"start":{"line":139,"column":13},"end":{"line":139,"column":35}}},"fnMap":{"0":{"name":"(anonymous_0)","decl":{"start":{"line":14,"column":25},"end":{"line":14,"column":30}},"loc":{"start":{"line":14,"column":63},"end":{"line":26,"column":1}}},"1":{"name":"(anonymous_1)","decl":{"start":{"line":28,"column":35},"end":{"line":28,"column":40}},"loc":{"start":{"line":28,"column":73},"end":{"line":48,"column":1}}},"2":{"name":"(anonymous_2)","decl":{"start":{"line":50,"column":27},"end":{"line":50,"column":32}},"loc":{"start":{"line":50,"column":65},"end":{"line":73,"column":1}}},"3":{"name":"(anonymous_3)","decl":{"start":{"line":75,"column":34},"end":{"line":75,"column":39}},"loc":{"start":{"line":75,"column":72},"end":{"line":93,"column":1}}},"4":{"name":"(anonymous_4)","decl":{"start":{"line":95,"column":34},"end":{"line":95,"column":39}},"loc":{"start":{"line":95,"column":72},"end":{"line":111,"column":1}}},"5":{"name":"(anonymous_5)","decl":{"start":{"line":113,"column":36},"end":{"line":113,"column":41}},"loc":{"start":{"line":113,"column":74},"end":{"line":137,"column":1}}},"6":{"name":"(anonymous_6)","decl":{"start":{"line":139,"column":35},"end":{"line":139,"column":40}},"loc":{"start":{"line":139,"column":73},"end":{"line":157,"column":1}}}},"branchMap":{"0":{"loc":{"start":{"line":33,"column":4},"end":{"line":33,"column":60}},"type":"if","locations":[{"start":{"line":33,"column":4},"end":{"line":33,"column":60}}]},"1":{"loc":{"start":{"line":34,"column":4},"end":{"line":34,"column":56}},"type":"if","locations":[{"start":{"line":34,"column":4},"end":{"line":34,"column":56}}]},"2":{"loc":{"start":{"line":35,"column":4},"end":{"line":35,"column":68}},"type":"if","locations":[{"start":{"line":35,"column":4},"end":{"line":35,"column":68}}]},"3":{"loc":{"start":{"line":36,"column":4},"end":{"line":36,"column":68}},"type":"if","locations":[{"start":{"line":36,"column":4},"end":{"line":36,"column":68}}]},"4":{"loc":{"start":{"line":54,"column":4},"end":{"line":56,"column":5}},"type":"if","locations":[{"start":{"line":54,"column":4},"end":{"line":56,"column":5}}]},"5":{"loc":{"start":{"line":54,"column":8},"end":{"line":54,"column":49}},"type":"binary-expr","locations":[{"start":{"line":54,"column":8},"end":{"line":54,"column":13}},{"start":{"line":54,"column":17},"end":{"line":54,"column":26}},{"start":{"line":54,"column":30},"end":{"line":54,"column":36}},{"start":{"line":54,"column":40},"end":{"line":54,"column":49}}]},"6":{"loc":{"start":{"line":81,"column":4},"end":{"line":83,"column":5}},"type":"if","locations":[{"start":{"line":81,"column":4},"end":{"line":83,"column":5}}]},"7":{"loc":{"start":{"line":100,"column":4},"end":{"line":102,"column":5}},"type":"if","locations":[{"start":{"line":100,"column":4},"end":{"line":102,"column":5}}]},"8":{"loc":{"start":{"line":116,"column":12},"end":{"line":116,"column":24}},"type":"default-arg","locations":[{"start":{"line":116,"column":23},"end":{"line":116,"column":24}}]},"9":{"loc":{"start":{"line":127,"column":4},"end":{"line":134,"column":5}},"type":"if","locations":[{"start":{"line":127,"column":4},"end":{"line":134,"column":5}}]},"10":{"loc":{"start":{"line":128,"column":6},"end":{"line":130,"column":7}},"type":"if","locations":[{"start":{"line":128,"column":6},"end":{"line":130,"column":7}}]},"11":{"loc":{"start":{"line":131,"column":6},"end":{"line":133,"column":7}},"type":"if","locations":[{"start":{"line":131,"column":6},"end":{"line":133,"column":7}}]},"12":{"loc":{"start":{"line":142,"column":12},"end":{"line":142,"column":25}},"type":"default-arg","locations":[{"start":{"line":142,"column":23},"end":{"line":142,"column":25}}]},"13":{"loc":{"start":{"line":152,"column":4},"end":{"line":154,"column":5}},"type":"if","locations":[{"start":{"line":152,"column":4},"end":{"line":154,"column":5}}]},"14":{"loc":{"start":{"line":152,"column":8},"end":{"line":152,"column":69}},"type":"binary-expr","locations":[{"start":{"line":152,"column":8},"end":{"line":152,"column":30}},{"start":{"line":152,"column":34},"end":{"line":152,"column":69}}]}},"s":{"0":0,"1":0,"2":0,"3":0,"4":0,"5":0,"6":0,"7":0,"8":0,"9":0,"10":0,"11":0,"12":0,"13":0,"14":0,"15":0,"16":0,"17":0,"18":0,"19":0,"20":0,"21":0,"22":0,"23":0,"24":0,"25":0,"26":0,"27":0,"28":0,"29":0,"30":0,"31":0,"32":0,"33":0,"34":0,"35":0,"36":0,"37":0,"38":0,"39":0,"40":0,"41":0,"42":0,"43":0,"44":0,"45":0,"46":0,"47":0,"48":0,"49":0,"50":0,"51":0,"52":0,"53":0,"54":0,"55":0,"56":0,"57":0,"58":0,"59":0,"60":0,"61":0,"62":0,"63":0,"64":0,"65":0,"66":0,"67":0,"68":0,"69":0,"70":0,"71":0,"72":0,"73":0,"74":0,"75":0,"76":0,"77":0,"78":0,"79":0,"80":0,"81":0},"f":{"0":0,"1":0,"2":0,"3":0,"4":0,"5":0,"6":0},"b":{"0":[0],"1":[0],"2":[0],"3":[0],"4":[0],"5":[0,0,0,0],"6":[0],"7":[0],"8":[0],"9":[0],"10":[0],"11":[0],"12":[0],"13":[0],"14":[0,0]}}
,"/home/nandu/Documents/Sweet Shop Management System TDD Kata_nandeesh m doggalli/src/middlewares/authMiddleware.ts": {"path":"/home/nandu/Documents/Sweet Shop Management System TDD Kata_nandeesh m doggalli/src/middlewares/authMiddleware.ts","statementMap":{"0":{"start":{"line":2,"column":0},"end":{"line":2,"column":31}},"1":{"start":{"line":3,"column":0},"end":{"line":3,"column":54}},"2":{"start":{"line":5,"column":19},"end":{"line":5,"column":62}},"3":{"start":{"line":17,"column":33},"end":{"line":40,"column":1}},"4":{"start":{"line":18,"column":2},"end":{"line":39,"column":3}},"5":{"start":{"line":19,"column":23},"end":{"line":19,"column":48}},"6":{"start":{"line":20,"column":18},"end":{"line":20,"column":56}},"7":{"start":{"line":22,"column":4},"end":{"line":24,"column":5}},"8":{"start":{"line":23,"column":6},"end":{"line":23,"column":70}},"9":{"start":{"line":26,"column":20},"end":{"line":26,"column":86}},"10":{"start":{"line":27,"column":17},"end":{"line":27,"column":50}},"11":{"start":{"line":29,"column":4},"end":{"line":31,"column":5}},"12":{"start":{"line":30,"column":6},"end":{"line":30,"column":62}},"13":{"start":{"line":33,"column":4},"end":{"line":33,"column":25}},"14":{"start":{"line":34,"column":4},"end":{"line":34,"column":20}},"15":{"start":{"line":35,"column":4},"end":{"line":35,"column":11}},"16":{"start":{"line":37,"column":4},"end":{"line":37,"column":51}},"17":{"start":{"line":38,"column":4},"end":{"line":38,"column":71}},"18":{"start":{"line":17,"column":13},"end":{"line":17,"column":33}},"19":{"start":{"line":42,"column":28},"end":{"line":52,"column":1}},"20":{"start":{"line":43,"column":2},"end":{"line":45,"column":3}},"21":{"start":{"line":44,"column":4},"end":{"line":44,"column":70}},"22":{"start":{"line":47,"column":2},"end":{"line":49,"column":3}},"23":{"start":{"line":48,"column":4},"end":{"line":48,"column":68}},"24":{"start":{"line":51,"column":2},"end":{"line":51,"column":9}},"25":{"start":{"line":42,"column":13},"end":{"line":42,"column":28}}},"fnMap":{"0":{"name":"(anonymous_1)","decl":{"start":{"line":17,"column":33},"end":{"line":17,"column":38}},"loc":{"start":{"line":17,"column":91},"end":{"line":40,"column":1}}},"1":{"name":"(anonymous_2)","decl":{"start":{"line":42,"column":28},"end":{"line":42,"column":29}},"loc":{"start":{"line":42,"column":80},"end":{"line":52,"column":1}}}},"branchMap":{"0":{"loc":{"start":{"line":5,"column":19},"end":{"line":5,"column":62}},"type":"binary-expr","locations":[{"start":{"line":5,"column":19},"end":{"line":5,"column":41}},{"start":{"line":5,"column":45},"end":{"line":5,"column":62}}]},"1":{"loc":{"start":{"line":20,"column":18},"end":{"line":20,"column":56}},"type":"binary-expr","locations":[{"start":{"line":20,"column":18},"end":{"line":20,"column":28}},{"start":{"line":20,"column":32},"end":{"line":20,"column":56}}]},"2":{"loc":{"start":{"line":22,"column":4},"end":{"line":24,"column":5}},"type":"if","locations":[{"start":{"line":22,"column":4},"end":{"line":24,"column":5}}]},"3":{"loc":{"start":{"line":29,"column":4},"end":{"line":31,"column":5}},"type":"if","locations":[{"start":{"line":29,"column":4},"end":{"line":31,"column":5}}]},"4":{"loc":{"start":{"line":43,"column":2},"end":{"line":45,"column":3}},"type":"if","locations":[{"start":{"line":43,"column":2},"end":{"line":45,"column":3}}]},"5":{"loc":{"start":{"line":47,"column":2},"end":{"line":49,"column":3}},"type":"if","locations":[{"start":{"line":47,"column":2},"end":{"line":49,"column":3}}]}},"s":{"0":0,"1":0,"2":0,"3":0,"4":0,"5":0,"6":0,"7":0,"8":0,"9":0,"10":0,"11":0,"12":0,"13":0,"14":0,"15":0,"16":0,"17":0,"18":0,"19":0,"20":0,"21":0,"22":0,"23":0,"24":0,"25":0},"f":{"0":0,"1":0},"b":{"0":[0,0],"1":[0,0],"2":[0],"3":[0],"4":[0],"5":[0]}}
,"/home/nandu/Documents/Sweet Shop Management System TDD Kata_nandeesh m doggalli/src/routes/authRoutes.ts": {"path":"/home/nandu/Documents/Sweet Shop Management System TDD Kata_nandeesh m doggalli/src/routes/authRoutes.ts","statementMap":{"0":{"start":{"line":1,"column":0},"end":{"line":1,"column":30}},"1":{"start":{"line":2,"column":0},"end":{"line":2,"column":76}},"2":{"start":{"line":3,"column":0},"end":{"line":3,"column":66}},"3":{"start":{"line":5,"column":15},"end":{"line":5,"column":31}},"4":{"start":{"line":8,"column":0},"end":{"line":8,"column":35}},"5":{"start":{"line":9,"column":0},"end":{"line":9,"column":29}},"6":{"start":{"line":10,"column":0},"end":{"line":10,"column":54}},"7":{"start":{"line":12,"column":0},"end":{"line":12,"column":22}}},"fnMap":{},"branchMap":{},"s":{"0":0,"1":0,"2":0,"3":0,"4":0,"5":0,"6":0,"7":0},"f":{},"b":{}}
,"/home/nandu/Documents/Sweet Shop Management System TDD Kata_nandeesh m doggalli/src/routes/inventoryRoutes.ts": {"path":"/home/nandu/Documents/Sweet Shop Management System TDD Kata_nandeesh m doggalli/src/routes/inventoryRoutes.ts","statementMap":{"0":{"start":{"line":1,"column":0},"end":{"line":1,"column":30}},"1":{"start":{"line":2,"column":0},"end":{"line":2,"column":91}},"2":{"start":{"line":3,"column":0},"end":{"line":3,"column":80}},"3":{"start":{"line":5,"column":15},"end":{"line":5,"column":31}},"4":{"start":{"line":8,"column":0},"end":{"line":8,"column":70}},"5":{"start":{"line":11,"column":0},"end":{"line":11,"column":82}},"6":{"start":{"line":13,"column":0},"end":{"line":13,"column":22}}},"fnMap":{},"branchMap":{},"s":{"0":0,"1":0,"2":0,"3":0,"4":0,"5":0,"6":0},"f":{},"b":{}}
,"/home/nandu/Documents/Sweet Shop Management System TDD Kata_nandeesh m doggalli/src/routes/sweetRoutes.ts": {"path":"/home/nandu/Documents/Sweet Shop Management System TDD Kata_nandeesh m doggalli/src/routes/sweetRoutes.ts","statementMap":{"0":{"start":{"line":1,"column":0},"end":{"line":1,"column":30}},"1":{"start":{"line":2,"column":0},"end":{"line":2,"column":null}},"2":{"start":{"line":9,"column":0},"end":{"line":9,"column":80}},"3":{"start":{"line":11,"column":15},"end":{"line":11,"column":31}},"4":{"start":{"line":14,"column":0},"end":{"line":14,"column":27}},"5":{"start":{"line":15,"column":0},"end":{"line":15,"column":43}},"6":{"start":{"line":18,"column":0},"end":{"line":18,"column":63}},"7":{"start":{"line":19,"column":0},"end":{"line":19,"column":72}},"8":{"start":{"line":20,"column":0},"end":{"line":20,"column":75}},"9":{"start":{"line":22,"column":0},"end":{"line":22,"column":22}}},"fnMap":{},"branchMap":{},"s":{"0":0,"1":0,"2":0,"3":0,"4":0,"5":0,"6":0,"7":0,"8":0,"9":0},"f":{},"b":{}}
,"/home/nandu/Documents/Sweet Shop Management System TDD Kata_nandeesh m doggalli/src/services/authService.ts": {"path":"/home/nandu/Documents/Sweet Shop Management System TDD Kata_nandeesh m doggalli/src/services/authService.ts","statementMap":{"0":{"start":{"line":1,"column":0},"end":{"line":1,"column":43}},"1":{"start":{"line":12,"column":30},"end":{"line":15,"column":1}},"2":{"start":{"line":13,"column":13},"end":{"line":13,"column":20}},"3":{"start":{"line":14,"column":2},"end":{"line":14,"column":68}},"4":{"start":{"line":12,"column":13},"end":{"line":12,"column":30}},"5":{"start":{"line":17,"column":27},"end":{"line":20,"column":1}},"6":{"start":{"line":18,"column":13},"end":{"line":18,"column":20}},"7":{"start":{"line":19,"column":2},"end":{"line":19,"column":62}},"8":{"start":{"line":17,"column":13},"end":{"line":17,"column":27}},"9":{"start":{"line":22,"column":26},"end":{"line":33,"column":1}},"10":{"start":{"line":23,"column":13},"end":{"line":23,"column":20}},"11":{"start":{"line":24,"column":17},"end":{"line":26,"column":null}},"12":{"start":{"line":29,"column":2},"end":{"line":32,"column":4}},"13":{"start":{"line":22,"column":13},"end":{"line":22,"column":26}},"14":{"start":{"line":35,"column":27},"end":{"line":38,"column":1}},"15":{"start":{"line":36,"column":13},"end":{"line":36,"column":20}},"16":{"start":{"line":37,"column":2},"end":{"line":37,"column":77}},"17":{"start":{"line":35,"column":13},"end":{"line":35,"column":27}},"18":{"start":{"line":40,"column":26},"end":{"line":69,"column":1}},"19":{"start":{"line":41,"column":13},"end":{"line":41,"column":20}},"20":{"start":{"line":42,"column":17},"end":{"line":42,"column":19}},"21":{"start":{"line":43,"column":17},"end":{"line":43,"column":19}},"22":{"start":{"line":45,"column":2},"end":{"line":48,"column":3}},"23":{"start":{"line":46,"column":4},"end":{"line":46,"column":29}},"24":{"start":{"line":47,"column":4},"end":{"line":47,"column":31}},"25":{"start":{"line":49,"column":2},"end":{"line":52,"column":3}},"26":{"start":{"line":50,"column":4},"end":{"line":50,"column":32}},"27":{"start":{"line":51,"column":4},"end":{"line":51,"column":34}},"28":{"start":{"line":53,"column":2},"end":{"line":56,"column":3}},"29":{"start":{"line":54,"column":4},"end":{"line":54,"column":28}},"30":{"start":{"line":55,"column":4},"end":{"line":55,"column":30}},"31":{"start":{"line":57,"column":2},"end":{"line":60,"column":3}},"32":{"start":{"line":58,"column":4},"end":{"line":58,"column":28}},"33":{"start":{"line":59,"column":4},"end":{"line":59,"column":30}},"34":{"start":{"line":62,"column":2},"end":{"line":62,"column":39}},"35":{"start":{"line":62,"column":27},"end":{"line":62,"column":39}},"36":{"start":{"line":64,"column":2},"end":{"line":64,"column":18}},"37":{"start":{"line":65,"column":2},"end":{"line":65,"column":77}},"38":{"start":{"line":67,"column":22},"end":{"line":67,"column":43}},"39":{"start":{"line":68,"column":2},"end":{"line":68,"column":29}},"40":{"start":{"line":40,"column":13},"end":{"line":40,"column":26}},"41":{"start":{"line":71,"column":26},"end":{"line":75,"column":1}},"42":{"start":{"line":72,"column":13},"end":{"line":72,"column":20}},"43":{"start":{"line":73,"column":17},"end":{"line":73,"column":67}},"44":{"start":{"line":74,"column":2},"end":{"line":74,"column":29}},"45":{"start":{"line":71,"column":13},"end":{"line":71,"column":26}}},"fnMap":{"0":{"name":"(anonymous_0)","decl":{"start":{"line":12,"column":30},"end":{"line":12,"column":35}},"loc":{"start":{"line":12,"column":81},"end":{"line":15,"column":1}}},"1":{"name":"(anonymous_1)","decl":{"start":{"line":17,"column":27},"end":{"line":17,"column":32}},"loc":{"start":{"line":17,"column":75},"end":{"line":20,"column":1}}},"2":{"name":"(anonymous_2)","decl":{"start":{"line":22,"column":26},"end":{"line":22,"column":31}},"loc":{"start":{"line":22,"column":74},"end":{"line":33,"column":1}}},"3":{"name":"(anonymous_3)","decl":{"start":{"line":35,"column":27},"end":{"line":35,"column":32}},"loc":{"start":{"line":35,"column":55},"end":{"line":38,"column":1}}},"4":{"name":"(anonymous_4)","decl":{"start":{"line":40,"column":26},"end":{"line":40,"column":31}},"loc":{"start":{"line":40,"column":105},"end":{"line":69,"column":1}}},"5":{"name":"(anonymous_5)","decl":{"start":{"line":71,"column":26},"end":{"line":71,"column":31}},"loc":{"start":{"line":71,"column":65},"end":{"line":75,"column":1}}}},"branchMap":{"0":{"loc":{"start":{"line":45,"column":2},"end":{"line":48,"column":3}},"type":"if","locations":[{"start":{"line":45,"column":2},"end":{"line":48,"column":3}}]},"1":{"loc":{"start":{"line":49,"column":2},"end":{"line":52,"column":3}},"type":"if","locations":[{"start":{"line":49,"column":2},"end":{"line":52,"column":3}}]},"2":{"loc":{"start":{"line":53,"column":2},"end":{"line":56,"column":3}},"type":"if","locations":[{"start":{"line":53,"column":2},"end":{"line":56,"column":3}}]},"3":{"loc":{"start":{"line":57,"column":2},"end":{"line":60,"column":3}},"type":"if","locations":[{"start":{"line":57,"column":2},"end":{"line":60,"column":3}}]},"4":{"loc":{"start":{"line":62,"column":2},"end":{"line":62,"column":39}},"type":"if","locations":[{"start":{"line":62,"column":2},"end":{"line":62,"column":39}}]},"5":{"loc":{"start":{"line":68,"column":9},"end":{"line":68,"column":28}},"type":"binary-expr","locations":[{"start":{"line":68,"column":9},"end":{"line":68,"column":20}},{"start":{"line":68,"column":24},"end":{"line":68,"column":28}}]}},"s":{"0":0,"1":0,"2":0,"3":0,"4":0,"5":0,"6":0,"7":0,"8":0,"9":0,"10":0,"11":0,"12":0,"13":0,"14":0,"15":0,"16":0,"17":0,"18":0,"19":0,"20":0,"21":0,"22":0,"23":0,"24":0,"25":0,"26":0,"27":0,"28":0,"29":0,"30":0,"31":0,"32":0,"33":0,"34":0,"35":0,"36":0,"37":0,"38":0,"39":0,"40":0,"41":0,"42":0,"43":0,"44":0,"45":0},"f":{"0":0,"1":0,"2":0,"3":0,"4":0,"5":0},"b":{"0":[0],"1":[0],"2":[0],"3":[0],"4":[0],"5":[0,0]}}
,"/home/nandu/Documents/Sweet Shop Management System TDD Kata_nandeesh m doggalli/src/services/sweetService.ts": {"path":"/home/nandu/Documents/Sweet Shop Management System TDD Kata_nandeesh m doggalli/src/services/sweetService.ts","statementMap":{"0":{"start":{"line":1,"column":0},"end":{"line":1,"column":43}},"1":{"start":{"line":29,"column":28},"end":{"line":32,"column":1}},"2":{"start":{"line":30,"column":13},"end":{"line":30,"column":20}},"3":{"start":{"line":31,"column":2},"end":{"line":31,"column":58}},"4":{"start":{"line":29,"column":13},"end":{"line":29,"column":28}},"5":{"start":{"line":34,"column":28},"end":{"line":37,"column":1}},"6":{"start":{"line":35,"column":13},"end":{"line":35,"column":20}},"7":{"start":{"line":36,"column":2},"end":{"line":36,"column":63}},"8":{"start":{"line":34,"column":13},"end":{"line":34,"column":28}},"9":{"start":{"line":39,"column":28},"end":{"line":71,"column":1}},"10":{"start":{"line":45,"column":13},"end":{"line":45,"column":20}},"11":{"start":{"line":46,"column":14},"end":{"line":46,"column":46}},"12":{"start":{"line":47,"column":24},"end":{"line":47,"column":26}},"13":{"start":{"line":49,"column":2},"end":{"line":52,"column":3}},"14":{"start":{"line":50,"column":4},"end":{"line":50,"column":32}},"15":{"start":{"line":51,"column":4},"end":{"line":51,"column":37}},"16":{"start":{"line":54,"column":2},"end":{"line":57,"column":3}},"17":{"start":{"line":55,"column":4},"end":{"line":55,"column":33}},"18":{"start":{"line":56,"column":4},"end":{"line":56,"column":34}},"19":{"start":{"line":59,"column":2},"end":{"line":62,"column":3}},"20":{"start":{"line":60,"column":4},"end":{"line":60,"column":31}},"21":{"start":{"line":61,"column":4},"end":{"line":61,"column":34}},"22":{"start":{"line":64,"column":2},"end":{"line":67,"column":3}},"23":{"start":{"line":65,"column":4},"end":{"line":65,"column":31}},"24":{"start":{"line":66,"column":4},"end":{"line":66,"column":34}},"25":{"start":{"line":69,"column":2},"end":{"line":69,"column":26}},"26":{"start":{"line":70,"column":2},"end":{"line":70,"column":37}},"27":{"start":{"line":39,"column":13},"end":{"line":39,"column":28}},"28":{"start":{"line":73,"column":24},"end":{"line":84,"column":1}},"29":{"start":{"line":74,"column":13},"end":{"line":74,"column":20}},"30":{"start":{"line":75,"column":17},"end":{"line":77,"column":null}},"31":{"start":{"line":80,"column":2},"end":{"line":83,"column":4}},"32":{"start":{"line":73,"column":13},"end":{"line":73,"column":24}},"33":{"start":{"line":86,"column":27},"end":{"line":115,"column":1}},"34":{"start":{"line":87,"column":13},"end":{"line":87,"column":20}},"35":{"start":{"line":88,"column":17},"end":{"line":88,"column":19}},"36":{"start":{"line":89,"column":17},"end":{"line":89,"column":19}},"37":{"start":{"line":91,"column":2},"end":{"line":94,"column":3}},"38":{"start":{"line":92,"column":4},"end":{"line":92,"column":28}},"39":{"start":{"line":93,"column":4},"end":{"line":93,"column":30}},"40":{"start":{"line":95,"column":2},"end":{"line":98,"column":3}},"41":{"start":{"line":96,"column":4},"end":{"line":96,"column":32}},"42":{"start":{"line":97,"column":4},"end":{"line":97,"column":34}},"43":{"start":{"line":99,"column":2},"end":{"line":102,"column":3}},"44":{"start":{"line":100,"column":4},"end":{"line":100,"column":29}},"45":{"start":{"line":101,"column":4},"end":{"line":101,"column":31}},"46":{"start":{"line":103,"column":2},"end":{"line":106,"column":3}},"47":{"start":{"line":104,"column":4},"end":{"line":104,"column":32}},"48":{"start":{"line":105,"column":4},"end":{"line":105,"column":34}},"49":{"start":{"line":108,"column":2},"end":{"line":108,"column":39}},"50":{"start":{"line":108,"column":27},"end":{"line":108,"column":39}},"51":{"start":{"line":110,"column":2},"end":{"line":110,"column":18}},"52":{"start":{"line":111,"column":2},"end":{"line":111,"column":78}},"53":{"start":{"line":113,"column":23},"end":{"line":113,"column":45}},"54":{"start":{"line":114,"column":2},"end":{"line":114,"column":30}},"55":{"start":{"line":86,"column":13},"end":{"line":86,"column":27}},"56":{"start":{"line":117,"column":27},"end":{"line":121,"column":1}},"57":{"start":{"line":118,"column":13},"end":{"line":118,"column":20}},"58":{"start":{"line":119,"column":17},"end":{"line":119,"column":68}},"59":{"start":{"line":120,"column":2},"end":{"line":120,"column":29}},"60":{"start":{"line":117,"column":13},"end":{"line":117,"column":27}},"61":{"start":{"line":123,"column":29},"end":{"line":162,"column":1}},"62":{"start":{"line":124,"column":13},"end":{"line":124,"column":20}},"63":{"start":{"line":125,"column":16},"end":{"line":125,"column":43}},"64":{"start":{"line":126,"column":2},"end":{"line":128,"column":3}},"65":{"start":{"line":127,"column":4},"end":{"line":127,"column":39}},"66":{"start":{"line":130,"column":2},"end":{"line":132,"column":3}},"67":{"start":{"line":131,"column":4},"end":{"line":131,"column":55}},"68":{"start":{"line":135,"column":2},"end":{"line":135,"column":36}},"69":{"start":{"line":137,"column":2},"end":{"line":161,"column":3}},"70":{"start":{"line":139,"column":4},"end":{"line":139,"column":96}},"71":{"start":{"line":142,"column":23},"end":{"line":142,"column":45}},"72":{"start":{"line":143,"column":4},"end":{"line":146,"column":6}},"73":{"start":{"line":149,"column":4},"end":{"line":149,"column":27}},"74":{"start":{"line":151,"column":25},"end":{"line":151,"column":52}},"75":{"start":{"line":152,"column":4},"end":{"line":156,"column":6}},"76":{"start":{"line":159,"column":4},"end":{"line":159,"column":29}},"77":{"start":{"line":160,"column":4},"end":{"line":160,"column":16}},"78":{"start":{"line":123,"column":13},"end":{"line":123,"column":29}},"79":{"start":{"line":164,"column":28},"end":{"line":179,"column":1}},"80":{"start":{"line":165,"column":13},"end":{"line":165,"column":20}},"81":{"start":{"line":166,"column":16},"end":{"line":166,"column":43}},"82":{"start":{"line":167,"column":2},"end":{"line":169,"column":3}},"83":{"start":{"line":168,"column":4},"end":{"line":168,"column":39}},"84":{"start":{"line":171,"column":2},"end":{"line":171,"column":94}},"85":{"start":{"line":173,"column":23},"end":{"line":173,"column":50}},"86":{"start":{"line":174,"column":2},"end":{"line":178,"column":4}},"87":{"start":{"line":164,"column":13},"end":{"line":164,"column":28}}},"fnMap":{"0":{"name":"(anonymous_0)","decl":{"start":{"line":29,"column":28},"end":{"line":29,"column":33}},"loc":{"start":{"line":29,"column":57},"end":{"line":32,"column":1}}},"1":{"name":"(anonymous_1)","decl":{"start":{"line":34,"column":28},"end":{"line":34,"column":33}},"loc":{"start":{"line":34,"column":77},"end":{"line":37,"column":1}}},"2":{"name":"(anonymous_2)","decl":{"start":{"line":39,"column":28},"end":{"line":39,"column":33}},"loc":{"start":{"line":44,"column":23},"end":{"line":71,"column":1}}},"3":{"name":"(anonymous_3)","decl":{"start":{"line":73,"column":24},"end":{"line":73,"column":29}},"loc":{"start":{"line":73,"column":75},"end":{"line":84,"column":1}}},"4":{"name":"(anonymous_4)","decl":{"start":{"line":86,"column":27},"end":{"line":86,"column":32}},"loc":{"start":{"line":86,"column":108},"end":{"line":115,"column":1}}},"5":{"name":"(anonymous_5)","decl":{"start":{"line":117,"column":27},"end":{"line":117,"column":32}},"loc":{"start":{"line":117,"column":66},"end":{"line":121,"column":1}}},"6":{"name":"(anonymous_6)","decl":{"start":{"line":123,"column":29},"end":{"line":123,"column":34}},"loc":{"start":{"line":123,"column":170},"end":{"line":162,"column":1}}},"7":{"name":"(anonymous_7)","decl":{"start":{"line":164,"column":28},"end":{"line":164,"column":33}},"loc":{"start":{"line":164,"column":143},"end":{"line":179,"column":1}}}},"branchMap":{"0":{"loc":{"start":{"line":49,"column":2},"end":{"line":52,"column":3}},"type":"if","locations":[{"start":{"line":49,"column":2},"end":{"line":52,"column":3}}]},"1":{"loc":{"start":{"line":54,"column":2},"end":{"line":57,"column":3}},"type":"if","locations":[{"start":{"line":54,"column":2},"end":{"line":57,"column":3}}]},"2":{"loc":{"start":{"line":59,"column":2},"end":{"line":62,"column":3}},"type":"if","locations":[{"start":{"line":59,"column":2},"end":{"line":62,"column":3}}]},"3":{"loc":{"start":{"line":64,"column":2},"end":{"line":67,"column":3}},"type":"if","locations":[{"start":{"line":64,"column":2},"end":{"line":67,"column":3}}]},"4":{"loc":{"start":{"line":91,"column":2},"end":{"line":94,"column":3}},"type":"if","locations":[{"start":{"line":91,"column":2},"end":{"line":94,"column":3}}]},"5":{"loc":{"start":{"line":95,"column":2},"end":{"line":98,"column":3}},"type":"if","locations":[{"start":{"line":95,"column":2},"end":{"line":98,"column":3}}]},"6":{"loc":{"start":{"line":99,"column":2},"end":{"line":102,"column":3}},"type":"if","locations":[{"start":{"line":99,"column":2},"end":{"line":102,"column":3}}]},"7":{"loc":{"start":{"line":103,"column":2},"end":{"line":106,"column":3}},"type":"if","locations":[{"start":{"line":103,"column":2},"end":{"line":106,"column":3}}]},"8":{"loc":{"start":{"line":108,"column":2},"end":{"line":108,"column":39}},"type":"if","locations":[{"start":{"line":108,"column":2},"end":{"line":108,"column":39}}]},"9":{"loc":{"start":{"line":114,"column":9},"end":{"line":114,"column":29}},"type":"binary-expr","locations":[{"start":{"line":114,"column":9},"end":{"line":114,"column":21}},{"start":{"line":114,"column":25},"end":{"line":114,"column":29}}]},"10":{"loc":{"start":{"line":126,"column":2},"end":{"line":128,"column":3}},"type":"if","locations":[{"start":{"line":126,"column":2},"end":{"line":128,"column":3}}]},"11":{"loc":{"start":{"line":130,"column":2},"end":{"line":132,"column":3}},"type":"if","locations":[{"start":{"line":130,"column":2},"end":{"line":132,"column":3}}]},"12":{"loc":{"start":{"line":167,"column":2},"end":{"line":169,"column":3}},"type":"if","locations":[{"start":{"line":167,"column":2},"end":{"line":169,"column":3}}]}},"s":{"0":0,"1":0,"2":0,"3":0,"4":0,"5":0,"6":0,"7":0,"8":0,"9":0,"10":0,"11":0,"12":0,"13":0,"14":0,"15":0,"16":0,"17":0,"18":0,"19":0,"20":0,"21":0,"22":0,"23":0,"24":0,"25":0,"26":0,"27":0,"28":0,"29":0,"30":0,"31":0,"32":0,"33":0,"34":0,"35":0,"36":0,"37":0,"38":0,"39":0,"40":0,"41":0,"42":0,"43":0,"44":0,"45":0,"46":0,"47":0,"48":0,"49":0,"50":0,"51":0,"52":0,"53":0,"54":0,"55":0,"56":0,"57":0,"58":0,"59":0,"60":0,"61":0,"62":0,"63":0,"64":0,"65":0,"66":0,"67":0,"68":0,"69":0,"70":0,"71":0,"72":0,"73":0,"74":0,"75":0,"76":0,"77":0,"78":0,"79":0,"80":0,"81":0,"82":0,"83":0,"84":0,"85":0,"86":0,"87":0},"f":{"0":0,"1":0,"2":0,"3":0,"4":0,"5":0,"6":0,"7":0},"b":{"0":[0],"1":[0],"2":[0],"3":[0],"4":[0],"5":[0],"6":[0],"7":[0],"8":[0],"9":[0,0],"10":[0],"11":[0],"12":[0]}}
}
